This is TeX, Version 3.14159 (Web2C 7.3.1) (format=latex 2002.1.21)  23 MAY 2003 16:48
**rapport.tex
(rapport.tex
LaTeX2e <1999/12/01> patch level 1
Babel <v3.6Z> and hyphenation patterns for american, french, german, ngerman, n
ohyphenation, loaded.
(/a/tanit/opt/teTeX/share/texmf/tex/latex/base/report.cls
Document Class: report 1999/09/10 v1.4a Standard LaTeX document class
(/a/tanit/opt/teTeX/share/texmf/tex/latex/base/size10.clo
File: size10.clo 1999/09/10 v1.4a Standard LaTeX file (size option)
)
\c@part=\count79
\c@chapter=\count80
\c@section=\count81
\c@subsection=\count82
\c@subsubsection=\count83
\c@paragraph=\count84
\c@subparagraph=\count85
\c@figure=\count86
\c@table=\count87
\abovecaptionskip=\skip41
\belowcaptionskip=\skip42
\bibindent=\dimen102
)
(/a/tanit/opt/teTeX/share/texmf/tex/latex/graphics/epsfig.sty
Package: epsfig 1999/02/16 v1.7a (e)psfig emulation (SPQR)

(/a/tanit/opt/teTeX/share/texmf/tex/latex/graphics/graphicx.sty
Package: graphicx 1999/02/16 v1.0f Enhanced LaTeX Graphics (DPC,SPQR)

(/a/tanit/opt/teTeX/share/texmf/tex/latex/graphics/keyval.sty
Package: keyval 1999/03/16 v1.13 key=value parser (DPC)
\KV@toks@=\toks14
)
(/a/tanit/opt/teTeX/share/texmf/tex/latex/graphics/graphics.sty
Package: graphics 1999/02/16 v1.0l Standard LaTeX Graphics (DPC,SPQR)

(/a/tanit/opt/teTeX/share/texmf/tex/latex/graphics/trig.sty
Package: trig 1999/03/16 v1.09 sin cos tan (DPC)
)
(/a/tanit/opt/teTeX/share/texmf/tex/latex/config/graphics.cfg)
Package graphics Info: Driver file: dvips.def on input line 80.

(/a/tanit/opt/teTeX/share/texmf/tex/latex/graphics/dvips.def
File: dvips.def 1999/02/16 v3.0i Driver-dependant file (DPC,SPQR)
))
\Gin@req@height=\dimen103
\Gin@req@width=\dimen104
)
\epsfxsize=\dimen105
\epsfysize=\dimen106
)
(/a/tanit/opt/teTeX/share/texmf/tex/generic/babel/babel.sty
Package: babel 1999/09/09 v3.6Z The Babel package

(/a/tanit/opt/teTeX/share/texmf/tex/generic/babel/frenchb.ldf
Language: frenchb 1999/08/18 v1.3g French support from the babel system

(/a/tanit/opt/teTeX/share/texmf/tex/generic/babel/babel.def
File: babel.def 1999/09/09 v3.6Z Babel common definitions
\babel@savecnt=\count88
\U@D=\dimen107
)
Package babel Info: Making : an active character on input line 126.
Package babel Info: Making ; an active character on input line 127.
Package babel Info: Making ! an active character on input line 128.
Package babel Info: Making ? an active character on input line 129.
))
(/a/tanit/opt/teTeX/share/texmf/tex/latex/base/inputenc.sty
Package: inputenc 1999/09/17 v0.992 Input encoding file 

(/a/tanit/opt/teTeX/share/texmf/tex/latex/base/latin1.def
File: latin1.def 1999/09/17 v0.992 Input encoding file 
))
(/a/tanit/opt/teTeX/share/texmf/tex/latex/base/fontenc.sty
Package: fontenc 1999/12/08 v1.9x Standard LaTeX package

(/a/tanit/opt/teTeX/share/texmf/tex/latex/base/t1enc.def
File: t1enc.def 1999/12/08 v1.9x Standard LaTeX file
LaTeX Font Info:    Redeclaring font encoding T1 on input line 38.
))
(/a/tanit/opt/teTeX/share/texmf/tex/latex/fancyhdr/fancyhdr.sty
\headwidth=\dimen108
) (rapport.aux
(rapport_introduction.aux) (rapport_cdc.aux) (rapport_analyse_psi.aux)
(rapport_analyse_view.aux) (rapport_analyse_dip.aux) (rapport_analyse_csv.aux)
(rapport_conception_psi.aux) (rapport_conception_view.aux)
(rapport_conception_dip.aux) (rapport_conception_csv.aux)
(rapport_perspectives.aux) (rapport_biblio.aux) (rapport_glossaire.aux))
\openout1 = `rapport.aux'.

LaTeX Font Info:    Checking defaults for OML/cmm/m/it on input line 21.
LaTeX Font Info:    ... okay on input line 21.
LaTeX Font Info:    Checking defaults for T1/cmr/m/n on input line 21.
LaTeX Font Info:    ... okay on input line 21.
LaTeX Font Info:    Checking defaults for OT1/cmr/m/n on input line 21.
LaTeX Font Info:    ... okay on input line 21.
LaTeX Font Info:    Checking defaults for OMS/cmsy/m/n on input line 21.
LaTeX Font Info:    ... okay on input line 21.
LaTeX Font Info:    Checking defaults for OMX/cmex/m/n on input line 21.
LaTeX Font Info:    ... okay on input line 21.
LaTeX Font Info:    Checking defaults for U/cmr/m/n on input line 21.
LaTeX Font Info:    ... okay on input line 21.
LaTeX Font Info:    Checking defaults for OT2/wncyr/m/n on input line 21.
LaTeX Font Info:    Try loading font information for OT2+wncyr on input line 21
.

(/a/tanit/opt/teTeX/share/texmf/tex/latex/cyrillic/ot2wncyr.fd
File: ot2wncyr.fd 1999/05/31 v3.2 Computer Modern Cyrillic font definitions
)
LaTeX Font Info:    ... okay on input line 21.
LaTeX Font Info:    External font `cmex10' loaded for size
(Font)              <12> on input line 22.
LaTeX Font Info:    External font `cmex10' loaded for size
(Font)              <8> on input line 22.
LaTeX Font Info:    External font `cmex10' loaded for size
(Font)              <6> on input line 22.
 [1

]
Underfull \hbox (badness 10000) in paragraph at lines 26--28

 []

LaTeX Font Info:    External font `cmex10' loaded for size
(Font)              <7> on input line 29.
LaTeX Font Info:    External font `cmex10' loaded for size
(Font)              <5> on input line 29.
[1]
\openout2 = `rapport_introduction.aux'.


No file rapport_introduction.tex.
(rapport.toc
Overfull \hbox (0.80444pt too wide) in paragraph at lines 19--19
 [][] []\T1/cmr/m/n/10 Caract^^e9ristiques com-munes aux dif-f^^e9-rents ou-til
s de conver- 
 []

[1



])
\tf@toc=\write3
\openout3 = `rapport.toc'.

 [2]
\openout2 = `rapport_cdc.aux'.

 (rapport_cdc.tex
Chapitre 1.
File: contexte.eps Graphic file (type eps)
<contexte.eps> [3


]
Underfull \hbox (badness 10000) in paragraph at lines 34--36

 []


Underfull \hbox (badness 10000) in paragraph at lines 34--36

 []

[4]
Underfull \hbox (badness 10000) in paragraph at lines 43--46

 []


Underfull \hbox (badness 10000) in paragraph at lines 66--69

 []

[5] [6] [7]
Overfull \hbox (44.79736pt too wide) in paragraph at lines 184--187
[]\T1/cmr/m/n/10 BIND : Bio-mo-le-cu-lar In-ter-ac-tion Net-work Da-ta-base Sit
e In-ter-net : http ://www.bind.ca
 []


Overfull \hbox (27.0517pt too wide) in paragraph at lines 188--191
[]\T1/cmr/m/n/10 DIP : Da-ta-base of In-ter-ac-ting Pro-teins Site In-ter-net :
 http ://dip.doe-mbi.ucla.edu/
 []

[8]) [9]
Chapitre 2.
[10


]
\openout2 = `rapport_analyse_psi.aux'.

 (rapport_analyse_psi.tex
Underfull \hbox (badness 10000) in paragraph at lines 2--11

 []


Underfull \hbox (badness 10000) in paragraph at lines 2--11

 []

File: psi_fold.eps Graphic file (type eps)
<psi_fold.eps>
File: psi_unfold.eps Graphic file (type eps)
 <psi_unfold.eps>
Underfull \hbox (badness 10000) in paragraph at lines 18--45

 []


Underfull \hbox (badness 10000) in paragraph at lines 18--45

 []


Underfull \hbox (badness 10000) in paragraph at lines 18--45

 []


Underfull \hbox (badness 10000) in paragraph at lines 18--45

 []


Underfull \hbox (badness 10000) in paragraph at lines 18--45

 []


Underfull \hbox (badness 10000) in paragraph at lines 18--45

 []


Underfull \hbox (badness 10000) in paragraph at lines 18--45

 []


Overfull \hbox (4.52576pt too wide) in paragraph at lines 18--45
\T1/cmr/m/n/10 Dans se forme d^^e9-rou-l^^e9e, les listes d'en-t^^eate sont vid
es et les in-ter-ac-tions contiennent
 []


Underfull \hbox (badness 10000) in paragraph at lines 18--45

 []


Underfull \hbox (badness 10000) in paragraph at lines 18--45

 []

[11

]
LaTeX Font Info:    Try loading font information for T1+cmtt on input line 47.
 (/a/tanit/opt/teTeX/share/texmf/tex/latex/base/t1cmtt.fd
File: t1cmtt.fd 1999/05/25 v2.5h Standard LaTeX font definitions
) [12] [13]
[14]) [15]
\openout2 = `rapport_analyse_view.aux'.

 (rapport_analyse_view.tex) [16


]
\openout2 = `rapport_analyse_dip.aux'.

 (rapport_analyse_dip.tex
Underfull \hbox (badness 10000) in paragraph at lines 5--7

 []

File: structure_dip.eps Graphic file (type eps)
<structure_dip.eps>
Overfull \hbox (1.29375pt too wide) in paragraph at lines 10--11
 [] 
 []

[17


] [18]) [19]
\openout2 = `rapport_analyse_csv.aux'.

 (rapport_analyse_csv.tex
Underfull \hbox (badness 10000) in paragraph at lines 3--4

 []


Underfull \hbox (badness 10000) in paragraph at lines 11--12

 []


Underfull \hbox (badness 10000) in paragraph at lines 13--14

 []


Underfull \hbox (badness 10000) in paragraph at lines 17--18

 []


Underfull \hbox (badness 10000) in paragraph at lines 19--20

 []


Underfull \hbox (badness 10000) in paragraph at lines 21--22

 []


Underfull \hbox (badness 10000) in paragraph at lines 23--24

 []


Underfull \hbox (badness 10000) in paragraph at lines 27--28

 []


Overfull \vbox (10.48724pt too high) has occurred while \output is active []


[20


]
Underfull \hbox (badness 10000) in paragraph at lines 33--34

 []


Underfull \hbox (badness 10000) in paragraph at lines 35--36

 []

)
Overfull \vbox (10.48724pt too high) has occurred while \output is active []


[21]
Chapitre 3.
[22


]
\openout2 = `rapport_conception_psi.aux'.

 (rapport_conception_psi.tex
Overfull \hbox (26.41418pt too wide) in paragraph at lines 12--12
 []  \T1/cmtt/m/n/10 <xsl:copy-of select="/psi:entrySet/psi:entry/psi:experimen
tList/[] 
 []


Overfull \hbox (52.65778pt too wide) in paragraph at lines 41--41
 []\T1/cmtt/m/n/10 <xsl:key name="exp-ids" match="//psi:experimentDescription" 
use="@id"/>[] 
 []


Overfull \hbox (6.3801pt too wide) in paragraph at lines 43--44
\T1/cmr/m/n/10 ex-pe-ri-ment-De-crip-tion avec les ^^e9l^^e9-ments de la cl^^e9
 grace ^^e0 la fonc-tion \T1/cmr/m/it/10 generate-
 []

[23

]
Overfull \hbox (42.16034pt too wide) in paragraph at lines 54--54
 []    \T1/cmtt/m/n/10 <xsl:for-each select="//psi:experimentDescription[genera
te-id(.)=[] 
 []


Overfull \hbox (21.16547pt too wide) in paragraph at lines 54--54
 []                           \T1/cmtt/m/n/10 generate-id(key('exp-ids', @id)[1
])]">[] 
 []


Overfull \hbox (47.40906pt too wide) in paragraph at lines 66--66
 []\T1/cmtt/m/n/10 <xsl:template match="psi:interactionList//psi:experimentDesc
ription" >[] 
 []


Underfull \hbox (badness 10000) in paragraph at lines 83--89

 []


Underfull \hbox (badness 10000) in paragraph at lines 83--89

 []

)
Underfull \hbox (badness 10000) in paragraph at lines 91--51

 []


Underfull \hbox (badness 10000) in paragraph at lines 91--51

 []

[24] [25]
\openout2 = `rapport_conception_view.aux'.

 (rapport_conception_view.tex
Underfull \hbox (badness 10000) in paragraph at lines 13--16

 []

) [26


]
\openout2 = `rapport_conception_dip.aux'.

 (rapport_conception_dip.tex) [27


] [28]
\openout2 = `rapport_conception_csv.aux'.

 (rapport_conception_csv.tex
Underfull \hbox (badness 10000) in paragraph at lines 3--4

 []


Underfull \hbox (badness 10000) in paragraph at lines 15--16

 []


Underfull \hbox (badness 10000) in paragraph at lines 18--19

 []


Underfull \hbox (badness 10000) in paragraph at lines 20--21

 []


Underfull \hbox (badness 10000) in paragraph at lines 22--23

 []


Underfull \hbox (badness 10000) in paragraph at lines 24--25

 []


Overfull \vbox (10.48724pt too high) has occurred while \output is active []


[29


]
File: tableaux_csv.eps Graphic file (type eps)
 <tableaux_csv.eps>
Overfull \vbox (10.48724pt too high) has occurred while \output is active []


[30]
Underfull \hbox (badness 10000) in paragraph at lines 42--43

 []


Underfull \hbox (badness 10000) in paragraph at lines 44--45

 []


Overfull \vbox (10.48724pt too high) has occurred while \output is active []


[31]
Underfull \hbox (badness 10000) in paragraph at lines 63--64

 []


Underfull \hbox (badness 10000) in paragraph at lines 65--66

 []


Underfull \hbox (badness 10000) in paragraph at lines 67--68

 []


Underfull \hbox (badness 10000) in paragraph at lines 69--70

 []


Underfull \hbox (badness 10000) in paragraph at lines 71--72

 []


Overfull \vbox (10.48724pt too high) has occurred while \output is active []


[32]
Underfull \hbox (badness 10000) in paragraph at lines 77--78

 []


Underfull \hbox (badness 10000) in paragraph at lines 79--80

 []


Underfull \hbox (badness 10000) in paragraph at lines 81--82

 []


Underfull \hbox (badness 10000) in paragraph at lines 83--84

 []

)
Overfull \vbox (10.48724pt too high) has occurred while \output is active []


[33]
\openout2 = `rapport_perspectives.aux'.

 (rapport_perspectives.tex
Chapitre 4.

Underfull \hbox (badness 10000) in paragraph at lines 3--15

 []


Underfull \hbox (badness 10000) in paragraph at lines 16--17

 []


Underfull \hbox (badness 10000) in paragraph at lines 17--18

 []


Underfull \hbox (badness 10000) in paragraph at lines 18--19

 []

) [34



]
\openout2 = `rapport_biblio.aux'.

 (rapport_biblio.tex
Chapitre 5.

Underfull \hbox (badness 10000) in paragraph at lines 6--11

 []


Overfull \hbox (6.60666pt too wide) in paragraph at lines 11--14
[]$[]$\T1/cmr/bx/n/10 ttp ://dip.doe-mbi.ucla.edu/  \T1/cmr/m/n/10 Le site de D
IP nous a fourni les exemples
 []


Underfull \hbox (badness 10000) in paragraph at lines 11--14

 []


Underfull \hbox (badness 10000) in paragraph at lines 14--17

 []


Underfull \hbox (badness 10000) in paragraph at lines 17--19

 []


Underfull \hbox (badness 10000) in paragraph at lines 19--25

 []

) [35



]
\openout2 = `rapport_glossaire.aux'.

 (rapport_glossaire.tex
Chapitre 6.

Underfull \hbox (badness 10000) in paragraph at lines 5--6

 []


Underfull \hbox (badness 10000) in paragraph at lines 7--8

 []


Underfull \hbox (badness 10000) in paragraph at lines 9--10

 []


Underfull \hbox (badness 10000) in paragraph at lines 10--11

 []


Underfull \hbox (badness 10000) in paragraph at lines 12--13

 []


Underfull \hbox (badness 10000) in paragraph at lines 14--17

 []


Underfull \hbox (badness 10000) in paragraph at lines 18--19

 []


Underfull \hbox (badness 10000) in paragraph at lines 20--21

 []


Underfull \hbox (badness 10000) in paragraph at lines 22--23

 []

[36



]) [37] (rapport.aux (rapport_introduction.aux) (rapport_cdc.aux)
(rapport_analyse_psi.aux) (rapport_analyse_view.aux) (rapport_analyse_dip.aux)
(rapport_analyse_csv.aux) (rapport_conception_psi.aux)
(rapport_conception_view.aux) (rapport_conception_dip.aux)
(rapport_conception_csv.aux) (rapport_perspectives.aux) (rapport_biblio.aux)
(rapport_glossaire.aux)) ) 
Here is how much of TeX's memory you used:
 1471 strings out of 10901
 16895 string characters out of 72252
 71939 words of memory out of 263001
 4365 multiletter control sequences out of 10000+0
 18040 words of font info for 39 fonts, out of 400000 for 1000
 14 hyphenation exceptions out of 1000
 32i,10n,40p,905b,567s stack positions out of 300i,100n,500p,50000b,4000s

Output written on rapport.dvi (39 pages, 93748 bytes).
