This is TeX, Version 3.14159 (Web2C 7.3.1) (format=latex 2002.1.21)  23 MAY 2003 16:19
**rapport.tex
(rapport.tex
LaTeX2e <1999/12/01> patch level 1
Babel <v3.6Z> and hyphenation patterns for american, french, german, ngerman, n
ohyphenation, loaded.
(/a/tanit/opt/teTeX/share/texmf/tex/latex/base/report.cls
Document Class: report 1999/09/10 v1.4a Standard LaTeX document class
(/a/tanit/opt/teTeX/share/texmf/tex/latex/base/size10.clo
File: size10.clo 1999/09/10 v1.4a Standard LaTeX file (size option)
)
\c@part=\count79
\c@chapter=\count80
\c@section=\count81
\c@subsection=\count82
\c@subsubsection=\count83
\c@paragraph=\count84
\c@subparagraph=\count85
\c@figure=\count86
\c@table=\count87
\abovecaptionskip=\skip41
\belowcaptionskip=\skip42
\bibindent=\dimen102
)
(/a/tanit/opt/teTeX/share/texmf/tex/latex/graphics/epsfig.sty
Package: epsfig 1999/02/16 v1.7a (e)psfig emulation (SPQR)

(/a/tanit/opt/teTeX/share/texmf/tex/latex/graphics/graphicx.sty
Package: graphicx 1999/02/16 v1.0f Enhanced LaTeX Graphics (DPC,SPQR)

(/a/tanit/opt/teTeX/share/texmf/tex/latex/graphics/keyval.sty
Package: keyval 1999/03/16 v1.13 key=value parser (DPC)
\KV@toks@=\toks14
)
(/a/tanit/opt/teTeX/share/texmf/tex/latex/graphics/graphics.sty
Package: graphics 1999/02/16 v1.0l Standard LaTeX Graphics (DPC,SPQR)

(/a/tanit/opt/teTeX/share/texmf/tex/latex/graphics/trig.sty
Package: trig 1999/03/16 v1.09 sin cos tan (DPC)
)
(/a/tanit/opt/teTeX/share/texmf/tex/latex/config/graphics.cfg)
Package graphics Info: Driver file: dvips.def on input line 80.

(/a/tanit/opt/teTeX/share/texmf/tex/latex/graphics/dvips.def
File: dvips.def 1999/02/16 v3.0i Driver-dependant file (DPC,SPQR)
))
\Gin@req@height=\dimen103
\Gin@req@width=\dimen104
)
\epsfxsize=\dimen105
\epsfysize=\dimen106
)
(/a/tanit/opt/teTeX/share/texmf/tex/generic/babel/babel.sty
Package: babel 1999/09/09 v3.6Z The Babel package

(/a/tanit/opt/teTeX/share/texmf/tex/generic/babel/frenchb.ldf
Language: frenchb 1999/08/18 v1.3g French support from the babel system

(/a/tanit/opt/teTeX/share/texmf/tex/generic/babel/babel.def
File: babel.def 1999/09/09 v3.6Z Babel common definitions
\babel@savecnt=\count88
\U@D=\dimen107
)
Package babel Info: Making : an active character on input line 126.
Package babel Info: Making ; an active character on input line 127.
Package babel Info: Making ! an active character on input line 128.
Package babel Info: Making ? an active character on input line 129.
))
(/a/tanit/opt/teTeX/share/texmf/tex/latex/base/inputenc.sty
Package: inputenc 1999/09/17 v0.992 Input encoding file 

(/a/tanit/opt/teTeX/share/texmf/tex/latex/base/latin1.def
File: latin1.def 1999/09/17 v0.992 Input encoding file 
))
(/a/tanit/opt/teTeX/share/texmf/tex/latex/base/fontenc.sty
Package: fontenc 1999/12/08 v1.9x Standard LaTeX package

(/a/tanit/opt/teTeX/share/texmf/tex/latex/base/t1enc.def
File: t1enc.def 1999/12/08 v1.9x Standard LaTeX file
LaTeX Font Info:    Redeclaring font encoding T1 on input line 38.
))
(/a/tanit/opt/teTeX/share/texmf/tex/latex/fancyhdr/fancyhdr.sty
\headwidth=\dimen108
)

LaTeX Warning: Unused global option(s):
    [11pts].

(rapport.aux (util_introduction.aux) (util_psi.aux) (util_dip_psi.aux)
(util_psi_csv.aux) (rapport_biblio.aux) (util_glossaire.aux))
\openout1 = `rapport.aux'.

LaTeX Font Info:    Checking defaults for OML/cmm/m/it on input line 20.
LaTeX Font Info:    ... okay on input line 20.
LaTeX Font Info:    Checking defaults for T1/cmr/m/n on input line 20.
LaTeX Font Info:    ... okay on input line 20.
LaTeX Font Info:    Checking defaults for OT1/cmr/m/n on input line 20.
LaTeX Font Info:    ... okay on input line 20.
LaTeX Font Info:    Checking defaults for OMS/cmsy/m/n on input line 20.
LaTeX Font Info:    ... okay on input line 20.
LaTeX Font Info:    Checking defaults for OMX/cmex/m/n on input line 20.
LaTeX Font Info:    ... okay on input line 20.
LaTeX Font Info:    Checking defaults for U/cmr/m/n on input line 20.
LaTeX Font Info:    ... okay on input line 20.
LaTeX Font Info:    Checking defaults for OT2/wncyr/m/n on input line 20.
LaTeX Font Info:    Try loading font information for OT2+wncyr on input line 20
.

(/a/tanit/opt/teTeX/share/texmf/tex/latex/cyrillic/ot2wncyr.fd
File: ot2wncyr.fd 1999/05/31 v3.2 Computer Modern Cyrillic font definitions
)
LaTeX Font Info:    ... okay on input line 20.
LaTeX Font Info:    External font `cmex10' loaded for size
(Font)              <12> on input line 21.
LaTeX Font Info:    External font `cmex10' loaded for size
(Font)              <8> on input line 21.
LaTeX Font Info:    External font `cmex10' loaded for size
(Font)              <6> on input line 21.
 [1

]
(rapport.toc
LaTeX Font Info:    External font `cmex10' loaded for size
(Font)              <7> on input line 4.
LaTeX Font Info:    External font `cmex10' loaded for size
(Font)              <5> on input line 4.
 [1

])
\tf@toc=\write3
\openout3 = `rapport.toc'.

 [2]
\openout2 = `util_introduction.aux'.

 (util_introduction.tex
Chapitre 1.

Underfull \hbox (badness 10000) in paragraph at lines 3--4

 []


Underfull \hbox (badness 10000) in paragraph at lines 7--8

 []


Underfull \hbox (badness 10000) in paragraph at lines 10--11

 []


Underfull \hbox (badness 10000) in paragraph at lines 12--13

 []


Underfull \hbox (badness 10000) in paragraph at lines 14--15

 []


Underfull \hbox (badness 10000) in paragraph at lines 16--17

 []

) [3


]
\openout2 = `util_psi.aux'.

 (util_psi.tex
Chapitre 2.
LaTeX Font Info:    Try loading font information for T1+cmtt on input line 4.
(/a/tanit/opt/teTeX/share/texmf/tex/latex/base/t1cmtt.fd
File: t1cmtt.fd 1999/05/25 v2.5h Standard LaTeX font definitions
)
Underfull \hbox (badness 10000) in paragraph at lines 17--20

 []

[4



]
Overfull \vbox (10.48724pt too high) has occurred while \output is active []


[5]
Underfull \hbox (badness 10000) in paragraph at lines 66--69

 []


Overfull \vbox (10.48724pt too high) has occurred while \output is active []


[6]
Overfull \vbox (10.48724pt too high) has occurred while \output is active []


[7]
Underfull \hbox (badness 10000) in paragraph at lines 122--125

 []

)
Overfull \vbox (10.48724pt too high) has occurred while \output is active []


[8]
\openout2 = `util_dip_psi.aux'.

 (util_dip_psi.tex
Chapitre 3.

Underfull \hbox (badness 10000) in paragraph at lines 6--13

 []

[9



])
Overfull \vbox (10.48724pt too high) has occurred while \output is active []


[10]
\openout2 = `util_psi_csv.aux'.

 (util_psi_csv.tex
Chapitre 4.

Underfull \hbox (badness 10000) in paragraph at lines 5--6

 []

[11



]
Underfull \hbox (badness 10000) in paragraph at lines 26--27

 []


Underfull \hbox (badness 10000) in paragraph at lines 29--30

 []


Underfull \hbox (badness 10000) in paragraph at lines 31--32

 []


Underfull \hbox (badness 10000) in paragraph at lines 33--34

 []


Underfull \hbox (badness 10000) in paragraph at lines 35--36

 []

File: tableaux_csv.eps Graphic file (type eps)
<tableaux_csv.eps>
Overfull \vbox (10.48724pt too high) has occurred while \output is active []


[12]
Overfull \vbox (10.48724pt too high) has occurred while \output is active []


[13])
Overfull \vbox (10.48724pt too high) has occurred while \output is active []


[14]
\openout2 = `rapport_biblio.aux'.

 (rapport_biblio.tex
Chapitre 5.

Underfull \hbox (badness 10000) in paragraph at lines 6--11

 []


Overfull \hbox (6.60666pt too wide) in paragraph at lines 11--14
[]$[]$\T1/cmr/bx/n/10 ttp ://dip.doe-mbi.ucla.edu/  \T1/cmr/m/n/10 Le site de D
IP nous a fourni les exemples
 []


Underfull \hbox (badness 10000) in paragraph at lines 11--14

 []


Underfull \hbox (badness 10000) in paragraph at lines 14--17

 []


Underfull \hbox (badness 10000) in paragraph at lines 17--19

 []


Underfull \hbox (badness 10000) in paragraph at lines 19--25

 []

) [15



]
\openout2 = `util_glossaire.aux'.

 (util_glossaire.tex
Chapitre 6.

Underfull \hbox (badness 10000) in paragraph at lines 5--6

 []


Underfull \hbox (badness 10000) in paragraph at lines 7--8

 []


Underfull \hbox (badness 10000) in paragraph at lines 9--10

 []


Underfull \hbox (badness 10000) in paragraph at lines 10--11

 []


Underfull \hbox (badness 10000) in paragraph at lines 12--13

 []


Underfull \hbox (badness 10000) in paragraph at lines 14--17

 []


Underfull \hbox (badness 10000) in paragraph at lines 18--19

 []


Underfull \hbox (badness 10000) in paragraph at lines 20--21

 []

[16



]
Underfull \hbox (badness 10000) in paragraph at lines 22--23

 []

) [17] (rapport.aux (util_introduction.aux) (util_psi.aux) (util_dip_psi.aux)
(util_psi_csv.aux) (rapport_biblio.aux) (util_glossaire.aux)) ) 
Here is how much of TeX's memory you used:
 1434 strings out of 10901
 16023 string characters out of 72252
 68153 words of memory out of 263001
 4352 multiletter control sequences out of 10000+0
 18040 words of font info for 39 fonts, out of 400000 for 1000
 14 hyphenation exceptions out of 1000
 32i,10n,40p,619b,476s stack positions out of 300i,100n,500p,50000b,4000s

Output written on rapport.dvi (18 pages, 41768 bytes).
